ARM GAS  C:\Users\ULTIMA~1\AppData\Local\Temp\ccSgvjL5.s 			page 1


   1              		.cpu cortex-m3
   2              		.arch armv7-m
   3              		.fpu softvfp
   4              		.eabi_attribute 20, 1
   5              		.eabi_attribute 21, 1
   6              		.eabi_attribute 23, 3
   7              		.eabi_attribute 24, 1
   8              		.eabi_attribute 25, 1
   9              		.eabi_attribute 26, 1
  10              		.eabi_attribute 30, 6
  11              		.eabi_attribute 34, 1
  12              		.eabi_attribute 18, 4
  13              		.file	"global.c"
  14              		.text
  15              	.Ltext0:
  16              		.cfi_sections	.debug_frame
  17              		.global	status
  18              		.section	.bss.status,"aw",%nobits
  19              		.align	2
  22              	status:
  23 0000 00000000 		.space	4
  24              		.global	pedestrianStatus
  25              		.section	.bss.pedestrianStatus,"aw",%nobits
  26              		.align	2
  29              	pedestrianStatus:
  30 0000 00000000 		.space	4
  31              		.global	counter
  32              		.section	.bss.counter,"aw",%nobits
  33              		.align	2
  36              	counter:
  37 0000 00000000 		.space	4
  38              		.global	max_red1
  39              		.section	.data.max_red1,"aw"
  40              		.align	2
  43              	max_red1:
  44 0000 05000000 		.word	5
  45              		.global	max_green1
  46              		.section	.data.max_green1,"aw"
  47              		.align	2
  50              	max_green1:
  51 0000 03000000 		.word	3
  52              		.global	max_yellow1
  53              		.section	.data.max_yellow1,"aw"
  54              		.align	2
  57              	max_yellow1:
  58 0000 02000000 		.word	2
  59              		.global	max_red2
  60              		.section	.data.max_red2,"aw"
  61              		.align	2
  64              	max_red2:
  65 0000 05000000 		.word	5
  66              		.global	max_green2
  67              		.section	.data.max_green2,"aw"
  68              		.align	2
  71              	max_green2:
  72 0000 03000000 		.word	3
  73              		.global	max_yellow2
ARM GAS  C:\Users\ULTIMA~1\AppData\Local\Temp\ccSgvjL5.s 			page 2


  74              		.section	.data.max_yellow2,"aw"
  75              		.align	2
  78              	max_yellow2:
  79 0000 02000000 		.word	2
  80              		.global	str
  81              		.section	.bss.str,"aw",%nobits
  82              		.align	2
  85              	str:
  86 0000 00000000 		.space	9
  86      00000000 
  86      00
  87              		.global	ped_red_flag
  88              		.section	.bss.ped_red_flag,"aw",%nobits
  89              		.align	2
  92              	ped_red_flag:
  93 0000 00000000 		.space	4
  94              		.global	ped_green_flag
  95              		.section	.bss.ped_green_flag,"aw",%nobits
  96              		.align	2
  99              	ped_green_flag:
 100 0000 00000000 		.space	4
 101              		.text
 102              	.Letext0:
 103              		.file 1 "Core/Inc/global.h"
 104              		.file 2 "./Core/Src/global.c"
ARM GAS  C:\Users\ULTIMA~1\AppData\Local\Temp\ccSgvjL5.s 			page 3


DEFINED SYMBOLS
                            *ABS*:0000000000000000 global.c
C:\Users\ULTIMA~1\AppData\Local\Temp\ccSgvjL5.s:22     .bss.status:0000000000000000 status
C:\Users\ULTIMA~1\AppData\Local\Temp\ccSgvjL5.s:19     .bss.status:0000000000000000 $d
C:\Users\ULTIMA~1\AppData\Local\Temp\ccSgvjL5.s:29     .bss.pedestrianStatus:0000000000000000 pedestrianStatus
C:\Users\ULTIMA~1\AppData\Local\Temp\ccSgvjL5.s:26     .bss.pedestrianStatus:0000000000000000 $d
C:\Users\ULTIMA~1\AppData\Local\Temp\ccSgvjL5.s:36     .bss.counter:0000000000000000 counter
C:\Users\ULTIMA~1\AppData\Local\Temp\ccSgvjL5.s:33     .bss.counter:0000000000000000 $d
C:\Users\ULTIMA~1\AppData\Local\Temp\ccSgvjL5.s:43     .data.max_red1:0000000000000000 max_red1
C:\Users\ULTIMA~1\AppData\Local\Temp\ccSgvjL5.s:40     .data.max_red1:0000000000000000 $d
C:\Users\ULTIMA~1\AppData\Local\Temp\ccSgvjL5.s:50     .data.max_green1:0000000000000000 max_green1
C:\Users\ULTIMA~1\AppData\Local\Temp\ccSgvjL5.s:47     .data.max_green1:0000000000000000 $d
C:\Users\ULTIMA~1\AppData\Local\Temp\ccSgvjL5.s:57     .data.max_yellow1:0000000000000000 max_yellow1
C:\Users\ULTIMA~1\AppData\Local\Temp\ccSgvjL5.s:54     .data.max_yellow1:0000000000000000 $d
C:\Users\ULTIMA~1\AppData\Local\Temp\ccSgvjL5.s:64     .data.max_red2:0000000000000000 max_red2
C:\Users\ULTIMA~1\AppData\Local\Temp\ccSgvjL5.s:61     .data.max_red2:0000000000000000 $d
C:\Users\ULTIMA~1\AppData\Local\Temp\ccSgvjL5.s:71     .data.max_green2:0000000000000000 max_green2
C:\Users\ULTIMA~1\AppData\Local\Temp\ccSgvjL5.s:68     .data.max_green2:0000000000000000 $d
C:\Users\ULTIMA~1\AppData\Local\Temp\ccSgvjL5.s:78     .data.max_yellow2:0000000000000000 max_yellow2
C:\Users\ULTIMA~1\AppData\Local\Temp\ccSgvjL5.s:75     .data.max_yellow2:0000000000000000 $d
C:\Users\ULTIMA~1\AppData\Local\Temp\ccSgvjL5.s:85     .bss.str:0000000000000000 str
C:\Users\ULTIMA~1\AppData\Local\Temp\ccSgvjL5.s:82     .bss.str:0000000000000000 $d
C:\Users\ULTIMA~1\AppData\Local\Temp\ccSgvjL5.s:92     .bss.ped_red_flag:0000000000000000 ped_red_flag
C:\Users\ULTIMA~1\AppData\Local\Temp\ccSgvjL5.s:89     .bss.ped_red_flag:0000000000000000 $d
C:\Users\ULTIMA~1\AppData\Local\Temp\ccSgvjL5.s:99     .bss.ped_green_flag:0000000000000000 ped_green_flag
C:\Users\ULTIMA~1\AppData\Local\Temp\ccSgvjL5.s:96     .bss.ped_green_flag:0000000000000000 $d
                           .group:0000000000000000 wm4.0.cb5f01749778df26340c4505df3d34d0
                           .group:0000000000000000 wm4.stm32f1xx_hal_conf.h.21.98635006afa9a018cfa5e0632ed4968b
                           .group:0000000000000000 wm4.stm32f1xx.h.39.208bb8a61c892b7c37d899c49a031330
                           .group:0000000000000000 wm4.stm32f103xb.h.38.ec967d5ad9d3269cb0788eebda048e38
                           .group:0000000000000000 wm4._newlib_version.h.4.bfdf54b0af045d4a71376ae00f63a22c
                           .group:0000000000000000 wm4.features.h.33.318b64d71e0957639cfb30f1db1f7ec8
                           .group:0000000000000000 wm4._default_types.h.15.247e5cd201eca3442cbf5404108c4935
                           .group:0000000000000000 wm4._intsup.h.10.48bafbb683905c4daa4565a85aeeb264
                           .group:0000000000000000 wm4._stdint.h.10.c24fa3af3bc1706662bb5593a907e841
                           .group:0000000000000000 wm4.stdint.h.23.d53047a68f4a85177f80b422d52785ed
                           .group:0000000000000000 wm4.cmsis_version.h.32.4d5822004c01a829a975260e854b5f8e
                           .group:0000000000000000 wm4.core_cm3.h.66.fc46cac19810db8f98d67da7ef88f42c
                           .group:0000000000000000 wm4.cmsis_gcc.h.26.4f5798e999d5690b80e6ded3ecc94b37
                           .group:0000000000000000 wm4.core_cm3.h.127.f4474120f1a7524deb56f9d74ff175da
                           .group:0000000000000000 wm4.stm32f103xb.h.573.10249aa7473ca93be896fed94046a725
                           .group:0000000000000000 wm4.stm32f1xx.h.162.96b09079a093c34dbd7f0b85cbd0ddee
                           .group:0000000000000000 wm4.stm32_hal_legacy.h.23.91ba5b544a4c2be2620a1e7ff0049e10
                           .group:0000000000000000 wm4.stddef.h.39.144cf5ddcd53cbfdac30259dc1a6c87f
                           .group:0000000000000000 wm4.stm32f1xx_hal_def.h.57.18d01ce1aa74e9fb44dbf16f821a574a
                           .group:0000000000000000 wm4.stm32f1xx_hal_rcc.h.95.21591bbc513aaa813c0b8640c3b32517
                           .group:0000000000000000 wm4.stm32f1xx_hal_rcc_ex.h.22.8763f99bc1e3e2dcf0febe9161d81b37
                           .group:0000000000000000 wm4.stm32f1xx_hal_rcc.h.1202.f8e5f9e0cf4eef7840facf5396029056
                           .group:0000000000000000 wm4.stm32f1xx_hal_gpio.h.22.fa638d688dcc57ca806fe6a7831b0d04
                           .group:0000000000000000 wm4.stm32f1xx_hal_gpio_ex.h.22.51a50ef3512cd78017ce666a32d364bf
                           .group:0000000000000000 wm4.stm32f1xx_hal_gpio.h.263.f5ebf2f545ade59412ab9261c8e35dc4
                           .group:0000000000000000 wm4.stm32f1xx_hal_exti.h.22.e26491d042c8079c3ca67eca341af862
                           .group:0000000000000000 wm4.stm32f1xx_hal_dma.h.22.3c14338534886827bf3aeaa2a7f412a1
                           .group:0000000000000000 wm4.stm32f1xx_hal_dma_ex.h.22.001ac4d7f81ccbdcae49bd65c13858c8
                           .group:0000000000000000 wm4.stm32f1xx_hal_dma.h.409.cafcd2cfe701091535636be537c18293
                           .group:0000000000000000 wm4.stm32f1xx_hal_cortex.h.22.b5f4174bb6a50d95405567b8f50e0900
                           .group:0000000000000000 wm4.stm32f1xx_hal_flash.h.22.5cea9a7210e6315b41724b47b5fdf203
ARM GAS  C:\Users\ULTIMA~1\AppData\Local\Temp\ccSgvjL5.s 			page 4


                           .group:0000000000000000 wm4.stm32f1xx_hal_flash_ex.h.22.d4e19c21f2a86fa2f8ec2c2d5f1ab2af
                           .group:0000000000000000 wm4.stm32f1xx_hal_pwr.h.22.3438c476faafc3240bf146f143df3fcd
                           .group:0000000000000000 wm4.stm32f1xx_hal_tim.h.22.a16e206564e97dbace9faae59a0d6008
                           .group:0000000000000000 wm4.stm32f1xx_hal_uart.h.22.5f7992e497faa36aa98f09f7214f4dbb
                           .group:0000000000000000 wm4.stm32f1xx_hal.h.88.91065c0692bed6019c34f1e9c00589fd
                           .group:0000000000000000 wm4.newlib.h.8.7cb3972cd43265932d4782d5eb589854
                           .group:0000000000000000 wm4.ieeefp.h.77.25247dc27dbe3b23bfe98c2dc18f6ac5
                           .group:0000000000000000 wm4.config.h.224.c701144a7b0518c6ee9b9b5465b79f81
                           .group:0000000000000000 wm4._ansi.h.31.de524f58584151836e90d8620a16f8e8
                           .group:0000000000000000 wm4.stdio.h.31.7c0e28c411445f3f9c5b11accf882760
                           .group:0000000000000000 wm4.stddef.h.155.ba788add86a0e365f264484f110c3c29
                           .group:0000000000000000 wm4.cdefs.h.49.39045112216f6a021dbdffe3bf5accce
                           .group:0000000000000000 wm4.stdarg.h.34.3a23a216c0c293b3d2ea2e89281481e6
                           .group:0000000000000000 wm4._types.h.20.dd0d04dca3800a0d2a6129b87f3adbb2
                           .group:0000000000000000 wm4.stddef.h.155.3588ebfdd1e8c7ede80509bb9c3b8009
                           .group:0000000000000000 wm4._types.h.127.34941de1b2539d59d5cac00e0dd27a45
                           .group:0000000000000000 wm4.reent.h.17.e292bf8b0bec6c96e131a54347145a30
                           .group:0000000000000000 wm4.lock.h.2.1461d1fff82dffe8bfddc23307f6484f
                           .group:0000000000000000 wm4.reent.h.77.dcd6129ff07fe81bd5636db29abe53b2
                           .group:0000000000000000 wm4.types.h.40.8b6acba56cefbb11746718204edc8f5e
                           .group:0000000000000000 wm4._endian.h.31.65a10590763c3dde1ac4a7f66d7d4891
                           .group:0000000000000000 wm4.endian.h.9.49f3a4695c1b61e8a0808de3c4a106cb
                           .group:0000000000000000 wm4._timeval.h.32.bec3221fa7a9bb0bdde696c9c57e47d2
                           .group:0000000000000000 wm4.timespec.h.41.d855182eb0e690443ab8651bcedca6e1
                           .group:0000000000000000 wm4.select.h.19.40cd3f2bfc456b193b790c2754690ebf
                           .group:0000000000000000 wm4.types.h.51.5571ec98f267d17d3c670b7a3ba33afa
                           .group:0000000000000000 wm4.sched.h.22.c60982713a5c428609783c78f9c78d95
                           .group:0000000000000000 wm4._pthreadtypes.h.36.fcee9961c35163dde6267ef772ad1972
                           .group:0000000000000000 wm4.stdio.h.2.4aa87247282eca6c8f36f9de33d8df1a
                           .group:0000000000000000 wm4.stdio.h.81.932d0c162786b883f622b8d05c120c78
                           .group:0000000000000000 wm4.main.h.66.f6c32797044e6683294f2b743aea3471
                           .group:0000000000000000 wm4.button.h.9.c6366124cd589a43ad584300c9157129
                           .group:0000000000000000 wm4.scheduler.h.4.83ce304dfb906999b52630f400dd3d97
                           .group:0000000000000000 wm4.global.h.12.cde98173854399505bb16cbc58c7b8b7

NO UNDEFINED SYMBOLS
